Using pre-set license
Built from '2021.3/china_unity/release' branch; Version is '2021.3.20f1c1 (7cf0fbd73406) revision 8188155'; Using compiler version '192829333'; Build Type 'Release'
OS: 'Windows 11  (10.0.22621) 64bit CoreCountrySpecific' Language: 'zh' Physical Memory: 15741 MB
BatchMode: 1, IsHumanControllingUs: 0, StartBugReporterOnCrash: 0, Is64bit: 1, IsPro: 1

COMMAND LINE ARGUMENTS:
D:\Programming Tools\unity\2021.3.20f1c1\Editor\Unity.exe
-adb2
-batchMode
-noUpm
-name
AssetImportWorker1
-projectPath
D:/Zhaobbie/Zhaobbie
-logFile
Logs/AssetImportWorker1.log
-srvPort
54556
Successfully changed project path to: D:/Zhaobbie/Zhaobbie
D:/Zhaobbie/Zhaobbie
[UnityMemory] Configuration Parameters - Can be set up in boot.config
    "memorysetup-bucket-allocator-granularity=16"
    "memorysetup-bucket-allocator-bucket-count=8"
    "memorysetup-bucket-allocator-block-size=33554432"
    "memorysetup-bucket-allocator-block-count=8"
    "memorysetup-main-allocator-block-size=16777216"
    "memorysetup-thread-allocator-block-size=16777216"
    "memorysetup-gfx-main-allocator-block-size=16777216"
    "memorysetup-gfx-thread-allocator-block-size=16777216"
    "memorysetup-cache-allocator-block-size=4194304"
    "memorysetup-typetree-allocator-block-size=2097152"
    "memorysetup-profiler-bucket-allocator-granularity=16"
    "memorysetup-profiler-bucket-allocator-bucket-count=8"
    "memorysetup-profiler-bucket-allocator-block-size=33554432"
    "memorysetup-profiler-bucket-allocator-block-count=8"
    "memorysetup-profiler-allocator-block-size=16777216"
    "memorysetup-profiler-editor-allocator-block-size=1048576"
    "memorysetup-temp-allocator-size-main=16777216"
    "memorysetup-job-temp-allocator-block-size=2097152"
    "memorysetup-job-temp-allocator-block-size-background=1048576"
    "memorysetup-job-temp-allocator-reduction-small-platforms=262144"
    "memorysetup-temp-allocator-size-background-worker=32768"
    "memorysetup-temp-allocator-size-job-worker=262144"
    "memorysetup-temp-allocator-size-preload-manager=33554432"
    "memorysetup-temp-allocator-size-nav-mesh-worker=65536"
    "memorysetup-temp-allocator-size-audio-worker=65536"
    "memorysetup-temp-allocator-size-cloud-worker=32768"
    "memorysetup-temp-allocator-size-gi-baking-worker=262144"
    "memorysetup-temp-allocator-size-gfx=262144"
Player connection [16332] Host "[IP] 192.168.28.1 [Port] 0 [Flags] 2 [Guid] 3949379167 [EditorId] 3949379167 [Version] 1048832 [Id] WindowsEditor(7,Unix-) [Debug] 1 [PackageName] WindowsEditor [ProjectName] Editor" joined multi-casting on [225.0.0.222:54997]...

Player connection [16332] Host "[IP] 192.168.28.1 [Port] 0 [Flags] 2 [Guid] 3949379167 [EditorId] 3949379167 [Version] 1048832 [Id] WindowsEditor(7,Unix-) [Debug] 1 [PackageName] WindowsEditor [ProjectName] Editor" joined alternative multi-casting on [225.0.0.222:34997]...

AS: AutoStreaming module initializing.
Refreshing native plugins compatible for Editor in 58.21 ms, found 2 plugins.
Preloading 0 native plugins for Editor in 0.00 ms.
Initialize engine version: 2021.3.20f1c1 (7cf0fbd73406)
[Subsystems] Discovering subsystems at path D:/Programming Tools/unity/2021.3.20f1c1/Editor/Data/Resources/UnitySubsystems
[Subsystems] Discovering subsystems at path D:/Zhaobbie/Zhaobbie/Assets
GfxDevice: creating device client; threaded=0; jobified=0
Direct3D:
    Version:  Direct3D 11.0 [level 11.1]
    Renderer: NVIDIA GeForce RTX 2060 (ID=0x1f15)
    Vendor:   NVIDIA
    VRAM:     5980 MB
    Driver:   27.21.14.5749
Initialize mono
Mono path[0] = 'D:/Programming Tools/unity/2021.3.20f1c1/Editor/Data/Managed'
Mono path[1] = 'D:/Programming Tools/unity/2021.3.20f1c1/Editor/Data/MonoBleedingEdge/lib/mono/unityjit-win32'
Mono config path = 'D:/Programming Tools/unity/2021.3.20f1c1/Editor/Data/MonoBleedingEdge/etc'
Using monoOptions --debugger-agent=transport=dt_socket,embedding=1,server=y,suspend=n,address=127.0.0.1:56328
Begin MonoManager ReloadAssembly
Registering precompiled unity dll's ...
Register platform support module: D:/Programming Tools/unity/2021.3.20f1c1/Editor/Data/PlaybackEngines/WebGLSupport/UnityEditor.WebGL.Extensions.dll
Register platform support module: D:/Programming Tools/unity/2021.3.20f1c1/Editor/Data/PlaybackEngines/WindowsStandaloneSupport/UnityEditor.WindowsStandalone.Extensions.dll
Registered in 0.002923 seconds.
Native extension for WindowsStandalone target not found
Native extension for WebGL target not found
Refreshing native plugins compatible for Editor in 43.58 ms, found 2 plugins.
Preloading 0 native plugins for Editor in 0.00 ms.
Mono: successfully reloaded assembly
- Completed reload, in  0.554 seconds
Domain Reload Profiling:
	ReloadAssembly (554ms)
		BeginReloadAssembly (80ms)
			ExecutionOrderSort (0ms)
			DisableScriptedObjects (0ms)
			BackupInstance (0ms)
			ReleaseScriptingObjects (0ms)
			CreateAndSetChildDomain (1ms)
		EndReloadAssembly (382ms)
			LoadAssemblies (77ms)
			RebuildTransferFunctionScriptingTraits (0ms)
			SetupTypeCache (96ms)
			ReleaseScriptCaches (0ms)
			RebuildScriptCaches (27ms)
			SetupLoadedEditorAssemblies (210ms)
				LogAssemblyErrors (0ms)
				InitializePlatformSupportModulesInManaged (7ms)
				SetLoadedEditorAssemblies (0ms)
				RefreshPlugins (44ms)
				BeforeProcessingInitializeOnLoad (1ms)
				ProcessInitializeOnLoadAttributes (114ms)
				ProcessInitializeOnLoadMethodAttributes (44ms)
				AfterProcessingInitializeOnLoad (0ms)
				EditorAssembliesLoaded (0ms)
			ExecutionOrderSort2 (0ms)
			AwakeInstancesAfterBackupRestoration (0ms)
Platform modules already initialized, skipping
Registering precompiled user dll's ...
Registered in 0.010446 seconds.
Begin MonoManager ReloadAssembly
Native extension for WindowsStandalone target not found
Native extension for WebGL target not found
Refreshing native plugins compatible for Editor in 0.63 ms, found 2 plugins.
Preloading 0 native plugins for Editor in 0.00 ms.
Mono: successfully reloaded assembly
- Completed reload, in  1.030 seconds
Domain Reload Profiling:
	ReloadAssembly (1031ms)
		BeginReloadAssembly (115ms)
			ExecutionOrderSort (0ms)
			DisableScriptedObjects (5ms)
			BackupInstance (0ms)
			ReleaseScriptingObjects (0ms)
			CreateAndSetChildDomain (19ms)
		EndReloadAssembly (805ms)
			LoadAssemblies (91ms)
			RebuildTransferFunctionScriptingTraits (0ms)
			SetupTypeCache (186ms)
			ReleaseScriptCaches (1ms)
			RebuildScriptCaches (55ms)
			SetupLoadedEditorAssemblies (443ms)
				LogAssemblyErrors (0ms)
				InitializePlatformSupportModulesInManaged (5ms)
				SetLoadedEditorAssemblies (0ms)
				RefreshPlugins (1ms)
				BeforeProcessingInitializeOnLoad (65ms)
				ProcessInitializeOnLoadAttributes (242ms)
				ProcessInitializeOnLoadMethodAttributes (121ms)
				AfterProcessingInitializeOnLoad (8ms)
				EditorAssembliesLoaded (0ms)
			ExecutionOrderSort2 (0ms)
			AwakeInstancesAfterBackupRestoration (7ms)
Platform modules already initialized, skipping
========================================================================
Worker process is ready to serve import requests
Launched and connected shader compiler UnityShaderCompiler.exe after 0.05 seconds
Refreshing native plugins compatible for Editor in 0.94 ms, found 2 plugins.
Preloading 0 native plugins for Editor in 0.00 ms.
Unloading 2707 Unused Serialized files (Serialized files now loaded: 0)
Unloading 88 unused Assets / (1.3 MB). Loaded Objects now: 3138.
Memory consumption went from 113.1 MB to 111.7 MB.
Total: 7.097600 ms (FindLiveObjects: 0.429300 ms CreateObjectMapping: 0.219400 ms MarkObjects: 6.110700 ms  DeleteObjects: 0.335800 ms)

AssetImportParameters requested are different than current active one (requested -> active):
  custom:video-decoder-ogg-theora: a1e56fd34408186e4bbccfd4996cb3dc -> 
  custom:container-muxer-webm: aa71ff27fc2769a1b78a27578f13a17b -> 
  custom:container-demuxer-webm: 4f35f7cbe854078d1ac9338744f61a02 -> 
  custom:video-encoder-webm-vp8: eb34c28f22e8b96e1ab97ce403110664 -> 
  custom:video-codec-MediaFoundation-h265: 746d11721c4dcdbdad8f713fa42b33f4 -> 
  custom:audio-encoder-webm-vorbis: bf7c407c2cedff20999df2af8eb42d56 -> 
  custom:framework-win-MediaFoundation: 216162199b28c13a410421893ffa2e32 -> 
  custom:container-demuxer-ogg: 62fdf1f143b41e24485cea50d1cbac27 -> 
  custom:video-decoder-webm-vp8: 9c59270c3fd7afecdb556c50c9e8de78 -> 
  custom:audio-decoder-ogg-vorbis: bf7c407c2cedff20999df2af8eb42d56 -> 
========================================================================
Received Prepare
Registering precompiled user dll's ...
Registered in 0.009684 seconds.
Begin MonoManager ReloadAssembly
Native extension for WindowsStandalone target not found
Native extension for WebGL target not found
Refreshing native plugins compatible for Editor in 0.69 ms, found 2 plugins.
Preloading 0 native plugins for Editor in 0.00 ms.
Mono: successfully reloaded assembly
- Completed reload, in  1.152 seconds
Domain Reload Profiling:
	ReloadAssembly (1153ms)
		BeginReloadAssembly (181ms)
			ExecutionOrderSort (0ms)
			DisableScriptedObjects (5ms)
			BackupInstance (0ms)
			ReleaseScriptingObjects (0ms)
			CreateAndSetChildDomain (39ms)
		EndReloadAssembly (857ms)
			LoadAssemblies (133ms)
			RebuildTransferFunctionScriptingTraits (0ms)
			SetupTypeCache (183ms)
			ReleaseScriptCaches (1ms)
			RebuildScriptCaches (43ms)
			SetupLoadedEditorAssemblies (486ms)
				LogAssemblyErrors (0ms)
				InitializePlatformSupportModulesInManaged (6ms)
				SetLoadedEditorAssemblies (1ms)
				RefreshPlugins (1ms)
				BeforeProcessingInitializeOnLoad (57ms)
				ProcessInitializeOnLoadAttributes (273ms)
				ProcessInitializeOnLoadMethodAttributes (139ms)
				AfterProcessingInitializeOnLoad (9ms)
				EditorAssembliesLoaded (0ms)
			ExecutionOrderSort2 (0ms)
			AwakeInstancesAfterBackupRestoration (8ms)
Platform modules already initialized, skipping
Refreshing native plugins compatible for Editor in 9.91 ms, found 2 plugins.
Preloading 0 native plugins for Editor in 0.00 ms.
Unloading 2659 Unused Serialized files (Serialized files now loaded: 0)
Unloading 65 unused Assets / (1.3 MB). Loaded Objects now: 3153.
Memory consumption went from 108.4 MB to 107.1 MB.
Total: 7.083600 ms (FindLiveObjects: 0.238600 ms CreateObjectMapping: 0.079400 ms MarkObjects: 6.451800 ms  DeleteObjects: 0.311600 ms)

AssetImportParameters requested are different than current active one (requested -> active):
  custom:video-decoder-ogg-theora: a1e56fd34408186e4bbccfd4996cb3dc -> 
  custom:container-muxer-webm: aa71ff27fc2769a1b78a27578f13a17b -> 
  custom:container-demuxer-webm: 4f35f7cbe854078d1ac9338744f61a02 -> 
  custom:video-encoder-webm-vp8: eb34c28f22e8b96e1ab97ce403110664 -> 
  custom:video-codec-MediaFoundation-h265: 746d11721c4dcdbdad8f713fa42b33f4 -> 
  custom:audio-encoder-webm-vorbis: bf7c407c2cedff20999df2af8eb42d56 -> 
  custom:framework-win-MediaFoundation: 216162199b28c13a410421893ffa2e32 -> 
  custom:container-demuxer-ogg: 62fdf1f143b41e24485cea50d1cbac27 -> 
  custom:video-decoder-webm-vp8: 9c59270c3fd7afecdb556c50c9e8de78 -> 
  custom:audio-decoder-ogg-vorbis: bf7c407c2cedff20999df2af8eb42d56 -> 
========================================================================
Received Import Request.
  Time since last request: 24981.047506 seconds.
  path: Assets/Tilemaps/Shadows.prefab
  artifactKey: Guid(87aa0d0962cd78146ac6732eb0a9098f) Importer(815301076,1909f56bfc062723c751e8b465ee728b)
Start importing Assets/Tilemaps/Shadows.prefab using Guid(87aa0d0962cd78146ac6732eb0a9098f) Importer(815301076,1909f56bfc062723c751e8b465ee728b)  -> (artifact id: 'c310e2a72de0cd057ce9b8458608d77c') in 0.117486 seconds 
========================================================================
Received Import Request.
  Time since last request: 6.371300 seconds.
  path: Assets/Props/Door.prefab
  artifactKey: Guid(159db259f1e9c4148b0ce8a18c25dae9) Importer(815301076,1909f56bfc062723c751e8b465ee728b)
Start importing Assets/Props/Door.prefab using Guid(159db259f1e9c4148b0ce8a18c25dae9) Importer(815301076,1909f56bfc062723c751e8b465ee728b)  -> (artifact id: '244a967b912630e94997d6d9a16ed8bd') in 0.083428 seconds 
========================================================================
Received Import Request.
  Time since last request: 0.879661 seconds.
  path: Assets/Props/Pedestal.prefab
  artifactKey: Guid(28d4eeb63c5f3634f9fe16aecfc5ad6c) Importer(815301076,1909f56bfc062723c751e8b465ee728b)
Start importing Assets/Props/Pedestal.prefab using Guid(28d4eeb63c5f3634f9fe16aecfc5ad6c) Importer(815301076,1909f56bfc062723c751e8b465ee728b)  -> (artifact id: '4c632a7205cbd5fa187f80f75a85daf3') in 0.033323 seconds 
========================================================================
Received Import Request.
  Time since last request: 0.691158 seconds.
  path: Assets/Props/Spikes.prefab
  artifactKey: Guid(e7abe1ada88c5934bad18c1019a0050e) Importer(815301076,1909f56bfc062723c751e8b465ee728b)
Start importing Assets/Props/Spikes.prefab using Guid(e7abe1ada88c5934bad18c1019a0050e) Importer(815301076,1909f56bfc062723c751e8b465ee728b)  -> (artifact id: '535aea3f3ac72026d54b13923462d7d8') in 0.038202 seconds 
========================================================================
Received Import Request.
  Time since last request: 13.639648 seconds.
  path: Assets/Tilemaps/Tiles/Shadow Rule Tile.asset
  artifactKey: Guid(525520900ad8e9c46942e0fc2d91be05) Importer(815301076,1909f56bfc062723c751e8b465ee728b)
Start importing Assets/Tilemaps/Tiles/Shadow Rule Tile.asset using Guid(525520900ad8e9c46942e0fc2d91be05) Importer(815301076,1909f56bfc062723c751e8b465ee728b)  -> (artifact id: '5f5ee279da2da6efe5156f26c235cae1') in 0.027594 seconds 
========================================================================
Received Import Request.
  Time since last request: 8.538985 seconds.
  path: Assets/Tilemaps/Palettes/Platforms.prefab
  artifactKey: Guid(85b2b43e362134aba9a538c4a61ada56) Importer(815301076,1909f56bfc062723c751e8b465ee728b)
Start importing Assets/Tilemaps/Palettes/Platforms.prefab using Guid(85b2b43e362134aba9a538c4a61ada56) Importer(815301076,1909f56bfc062723c751e8b465ee728b)  -> (artifact id: '0d7715530bb8e9c20423ad23d6766619') in 0.067735 seconds 
========================================================================
Received Import Request.
  Time since last request: 0.000019 seconds.
  path: Assets/Tilemaps/Palettes/Shadows.prefab
  artifactKey: Guid(7cfc5294ebfe38942abfae51229ddd2e) Importer(815301076,1909f56bfc062723c751e8b465ee728b)
Start importing Assets/Tilemaps/Palettes/Shadows.prefab using Guid(7cfc5294ebfe38942abfae51229ddd2e) Importer(815301076,1909f56bfc062723c751e8b465ee728b)  -> (artifact id: '8454f73bfc59b5ce33e23b1a7fb03f51') in 0.103047 seconds 
========================================================================
Received Import Request.
  Time since last request: 3.873712 seconds.
  path: Assets/UI/Fader.prefab
  artifactKey: Guid(0d667d2dcffcc3f46ab368c8054e2e6f) Importer(815301076,1909f56bfc062723c751e8b465ee728b)
Start importing Assets/UI/Fader.prefab using Guid(0d667d2dcffcc3f46ab368c8054e2e6f) Importer(815301076,1909f56bfc062723c751e8b465ee728b)  -> (artifact id: 'a569621fdf41178ee5f3ae33e26ae249') in 0.023687 seconds 
========================================================================
Received Import Request.
  Time since last request: 7.458375 seconds.
  path: Assets/Props/Sprites/Door Em.psd
  artifactKey: Guid(3ec55be575561744ebd37deafc6c5c98) Importer(815301076,1909f56bfc062723c751e8b465ee728b)
Start importing Assets/Props/Sprites/Door Em.psd using Guid(3ec55be575561744ebd37deafc6c5c98) Importer(815301076,1909f56bfc062723c751e8b465ee728b)  -> (artifact id: 'f046db6a97867fad029e1d494365a564') in 0.055241 seconds 
========================================================================
Received Import Request.
  Time since last request: 0.000023 seconds.
  path: Assets/Props/Sprites/Door Spec.psd
  artifactKey: Guid(00c1f5f19da5c4e4a99723875e213309) Importer(815301076,1909f56bfc062723c751e8b465ee728b)
Start importing Assets/Props/Sprites/Door Spec.psd using Guid(00c1f5f19da5c4e4a99723875e213309) Importer(815301076,1909f56bfc062723c751e8b465ee728b)  -> (artifact id: 'c20cab12b928f63bfd711092ea967843') in 0.044689 seconds 
========================================================================
Received Import Request.
  Time since last request: 0.000302 seconds.
  path: Assets/Props/Sprites/Hanging Lamp.psd
  artifactKey: Guid(10d163b7d07d2be449ec006f54403d25) Importer(815301076,1909f56bfc062723c751e8b465ee728b)
Start importing Assets/Props/Sprites/Hanging Lamp.psd using Guid(10d163b7d07d2be449ec006f54403d25) Importer(815301076,1909f56bfc062723c751e8b465ee728b)  -> (artifact id: '96d0db4b2078e12e2951a95c22508a32') in 0.033113 seconds 
========================================================================
Received Import Request.
  Time since last request: 0.732330 seconds.
  path: Assets/Props/Sprites/Pedestal Norm.psd
  artifactKey: Guid(c4e8ec61fbc84714eb08ce97664f4204) Importer(815301076,1909f56bfc062723c751e8b465ee728b)
Start importing Assets/Props/Sprites/Pedestal Norm.psd using Guid(c4e8ec61fbc84714eb08ce97664f4204) Importer(815301076,1909f56bfc062723c751e8b465ee728b)  -> (artifact id: '5a664bcc71e6a1a0ffbbdf1cde73e61e') in 0.037655 seconds 
========================================================================
Received Import Request.
  Time since last request: 36.587148 seconds.
  path: Assets/_Extended/Props/FallingBlock.prefab
  artifactKey: Guid(4b9bb428aa9fe8c4eb073680db47ad49) Importer(815301076,1909f56bfc062723c751e8b465ee728b)
Start importing Assets/_Extended/Props/FallingBlock.prefab using Guid(4b9bb428aa9fe8c4eb073680db47ad49) Importer(815301076,1909f56bfc062723c751e8b465ee728b)  -> (artifact id: '0d4f03601dbeae0c872a57f879f90c0c') in 0.118632 seconds 
========================================================================
Received Prepare
Registering precompiled user dll's ...
Registered in 0.013239 seconds.
Begin MonoManager ReloadAssembly
Native extension for WindowsStandalone target not found
Native extension for WebGL target not found
Refreshing native plugins compatible for Editor in 1.07 ms, found 2 plugins.
Preloading 0 native plugins for Editor in 0.00 ms.
Mono: successfully reloaded assembly
- Completed reload, in  1.155 seconds
Domain Reload Profiling:
	ReloadAssembly (1156ms)
		BeginReloadAssembly (183ms)
			ExecutionOrderSort (0ms)
			DisableScriptedObjects (5ms)
			BackupInstance (0ms)
			ReleaseScriptingObjects (0ms)
			CreateAndSetChildDomain (41ms)
		EndReloadAssembly (842ms)
			LoadAssemblies (146ms)
			RebuildTransferFunctionScriptingTraits (0ms)
			SetupTypeCache (200ms)
			ReleaseScriptCaches (1ms)
			RebuildScriptCaches (44ms)
			SetupLoadedEditorAssemblies (431ms)
				LogAssemblyErrors (0ms)
				InitializePlatformSupportModulesInManaged (7ms)
				SetLoadedEditorAssemblies (1ms)
				RefreshPlugins (1ms)
				BeforeProcessingInitializeOnLoad (60ms)
				ProcessInitializeOnLoadAttributes (224ms)
				ProcessInitializeOnLoadMethodAttributes (128ms)
				AfterProcessingInitializeOnLoad (10ms)
				EditorAssembliesLoaded (0ms)
			ExecutionOrderSort2 (0ms)
			AwakeInstancesAfterBackupRestoration (7ms)
Platform modules already initialized, skipping
Refreshing native plugins compatible for Editor in 7.22 ms, found 2 plugins.
Preloading 0 native plugins for Editor in 0.00 ms.
Unloading 2659 Unused Serialized files (Serialized files now loaded: 0)
Unloading 65 unused Assets / (1.3 MB). Loaded Objects now: 3185.
Memory consumption went from 112.7 MB to 111.3 MB.
Total: 7.104200 ms (FindLiveObjects: 0.371900 ms CreateObjectMapping: 0.187500 ms MarkObjects: 6.194000 ms  DeleteObjects: 0.348500 ms)

AssetImportParameters requested are different than current active one (requested -> active):
  custom:video-decoder-ogg-theora: a1e56fd34408186e4bbccfd4996cb3dc -> 
  custom:container-muxer-webm: aa71ff27fc2769a1b78a27578f13a17b -> 
  custom:container-demuxer-webm: 4f35f7cbe854078d1ac9338744f61a02 -> 
  custom:video-encoder-webm-vp8: eb34c28f22e8b96e1ab97ce403110664 -> 
  custom:video-codec-MediaFoundation-h265: 746d11721c4dcdbdad8f713fa42b33f4 -> 
  custom:audio-encoder-webm-vorbis: bf7c407c2cedff20999df2af8eb42d56 -> 
  custom:framework-win-MediaFoundation: 216162199b28c13a410421893ffa2e32 -> 
  custom:container-demuxer-ogg: 62fdf1f143b41e24485cea50d1cbac27 -> 
  custom:video-decoder-webm-vp8: 9c59270c3fd7afecdb556c50c9e8de78 -> 
  custom:audio-decoder-ogg-vorbis: bf7c407c2cedff20999df2af8eb42d56 -> 
